{
  "stats": {
    "suites": 1,
    "tests": 1,
    "passes": 1,
    "pending": 0,
    "failures": 0,
    "start": "2025-01-03T21:59:40.306Z",
    "end": "2025-01-03T21:59:41.551Z",
    "duration": 1245,
    "testsRegistered": 1,
    "passPercent": 100,
    "pendingPercent": 0,
    "other": 0,
    "hasOther": false,
    "skipped": 0,
    "hasSkipped": false
  },
  "results": [
    {
      "uuid": "944f3558-e51b-4a2c-ba79-26085d8e83cc",
      "title": "",
      "fullFile": "cypress\\e2e\\register.cy.js",
      "file": "cypress\\e2e\\register.cy.js",
      "beforeHooks": [],
      "afterHooks": [],
      "tests": [],
      "suites": [
        {
          "uuid": "a58fdbbc-683f-462e-8975-ffb7d3a46dac",
          "title": "Registro de Usuário",
          "fullFile": "",
          "file": "",
          "beforeHooks": [],
          "afterHooks": [],
          "tests": [
            {
              "title": "Deve registrar o usuário com sucesso",
              "fullTitle": "Registro de Usuário Deve registrar o usuário com sucesso",
              "timedOut": null,
              "duration": 1179,
              "state": "passed",
              "speed": "fast",
              "pass": true,
              "fail": false,
              "pending": false,
              "context": null,
              "code": "// Teste de registro\ncy.log(`Requisição realizada com sucesso! ID: ${userId}, Token: ${userToken}`);",
              "err": {},
              "uuid": "f5cc768f-f876-4a2b-aab2-f97af6df06e2",
              "parentUUID": "a58fdbbc-683f-462e-8975-ffb7d3a46dac",
              "isHook": false,
              "skipped": false
            }
          ],
          "suites": [],
          "passes": [
            "f5cc768f-f876-4a2b-aab2-f97af6df06e2"
          ],
          "failures": [],
          "pending": [],
          "skipped": [],
          "duration": 1179,
          "root": false,
          "rootEmpty": false,
          "_timeout": 2000
        }
      ],
      "passes": [],
      "failures": [],
      "pending": [],
      "skipped": [],
      "duration": 0,
      "root": true,
      "rootEmpty": true,
      "_timeout": 2000
    }
  ],
  "meta": {
    "mocha": {
      "version": "7.0.1"
    },
    "mochawesome": {
      "options": {
        "quiet": false,
        "reportFilename": "mochawesome",
        "saveHtml": true,
        "saveJson": true,
        "consoleReporter": "spec",
        "useInlineDiffs": false,
        "code": true
      },
      "version": "7.1.3"
    },
    "marge": {
      "options": {
        "reportDir": "cypress/reports",
        "overwrite": false,
        "html": true,
        "json": true
      },
      "version": "6.2.0"
    }
  }
}