{
  "stats": {
    "suites": 1,
    "tests": 3,
    "passes": 3,
    "pending": 0,
    "failures": 0,
    "start": "2025-01-06T17:55:55.482Z",
    "end": "2025-01-06T17:55:58.378Z",
    "duration": 2896,
    "testsRegistered": 3,
    "passPercent": 100,
    "pendingPercent": 0,
    "other": 0,
    "hasOther": false,
    "skipped": 0,
    "hasSkipped": false
  },
  "results": [
    {
      "uuid": "df80af28-763b-498a-8366-ecd58adfce93",
      "title": "",
      "fullFile": "cypress\\e2e\\register.cy.js",
      "file": "cypress\\e2e\\register.cy.js",
      "beforeHooks": [],
      "afterHooks": [],
      "tests": [],
      "suites": [
        {
          "uuid": "ecaeffde-9752-4270-98a8-2994bbffaf50",
          "title": "Registro de Usuário",
          "fullFile": "",
          "file": "",
          "beforeHooks": [],
          "afterHooks": [],
          "tests": [
            {
              "title": "Registrando o usuário com sucesso",
              "fullTitle": "Registro de Usuário Registrando o usuário com sucesso",
              "timedOut": null,
              "duration": 1329,
              "state": "passed",
              "speed": "fast",
              "pass": true,
              "fail": false,
              "pending": false,
              "context": null,
              "code": "// Teste de registro\ncy.registerUser('eve.holt@reqres.in', 'pistola').then(response => {\n  const userId = response.body.id;\n  const userToken = response.body.token;\n  cy.log(`Requisição realizada com sucesso! ID: ${userId}, Token: ${userToken}`);\n});",
              "err": {},
              "uuid": "16708958-ad99-4ea3-b220-fa858e5aed09",
              "parentUUID": "ecaeffde-9752-4270-98a8-2994bbffaf50",
              "isHook": false,
              "skipped": false
            },
            {
              "title": "Atualizando o usuário",
              "fullTitle": "Registro de Usuário Atualizando o usuário",
              "timedOut": null,
              "duration": 547,
              "state": "passed",
              "speed": "fast",
              "pass": true,
              "fail": false,
              "pending": false,
              "context": null,
              "code": "// Teste de atualização com um usuário já registrado\nconst userId = 2; // Um ID fixo ou gerado dinamicamente\nconst updatedUserData = {\n  nome: 'morpheus',\n  emprego: 'zion resident'\n};\ncy.updateUser(userId, updatedUserData).then(response => {\n  const updatedAt = response.body.updatedAt;\n  cy.log(`Informações do usuário atualizadas com sucesso. Novo nome: ${response.body.nome}, \n    Novo emprego: ${response.body.emprego}, Data de atualização: ${updatedAt}`);\n});",
              "err": {},
              "uuid": "2d8212fa-e412-4651-b257-4f3bfd91c4a8",
              "parentUUID": "ecaeffde-9752-4270-98a8-2994bbffaf50",
              "isHook": false,
              "skipped": false
            },
            {
              "title": "Deletando o usuário com sucesso",
              "fullTitle": "Registro de Usuário Deletando o usuário com sucesso",
              "timedOut": null,
              "duration": 548,
              "state": "passed",
              "speed": "fast",
              "pass": true,
              "fail": false,
              "pending": false,
              "context": null,
              "code": "// Teste de deleção do usuário\nlet userId;\ncy.deleteUser(userId); // Passando o ID do usuário para o comando de deleção\ncy.log(`Usuário com ID ${userId} deletado com sucesso.`);",
              "err": {},
              "uuid": "3b7734b1-09ac-4fb8-987a-37b00c6f65c0",
              "parentUUID": "ecaeffde-9752-4270-98a8-2994bbffaf50",
              "isHook": false,
              "skipped": false
            }
          ],
          "suites": [],
          "passes": [
            "16708958-ad99-4ea3-b220-fa858e5aed09",
            "2d8212fa-e412-4651-b257-4f3bfd91c4a8",
            "3b7734b1-09ac-4fb8-987a-37b00c6f65c0"
          ],
          "failures": [],
          "pending": [],
          "skipped": [],
          "duration": 2424,
          "root": false,
          "rootEmpty": false,
          "_timeout": 2000
        }
      ],
      "passes": [],
      "failures": [],
      "pending": [],
      "skipped": [],
      "duration": 0,
      "root": true,
      "rootEmpty": true,
      "_timeout": 2000
    }
  ],
  "meta": {
    "mocha": {
      "version": "7.0.1"
    },
    "mochawesome": {
      "options": {
        "quiet": false,
        "reportFilename": "mochawesome",
        "saveHtml": true,
        "saveJson": true,
        "consoleReporter": "spec",
        "useInlineDiffs": false,
        "code": true
      },
      "version": "7.1.3"
    },
    "marge": {
      "options": {
        "reportDir": "cypress/reports",
        "overwrite": false,
        "html": true,
        "json": true
      },
      "version": "6.2.0"
    }
  }
}